<?xml version="1.0" encoding="utf-8"?><testsuites name="pytest tests"><testsuite name="pytest" errors="0" failures="1" skipped="0" tests="18" time="2.975" timestamp="2026-04-20T22:21:08.475883+00:00" hostname="agent-env-bb831684-f3fc-4c62-bd03-facdf3d6ba9e"><testcase classname="tests.test_multitenant_backend.TestAuth" name="test_register_returns_jwt_and_webhook_once" time="0.237" /><testcase classname="tests.test_multitenant_backend.TestAuth" name="test_register_duplicate_email_409" time="0.232" /><testcase classname="tests.test_multitenant_backend.TestAuth" name="test_login_success_and_wrong_password" time="0.683" /><testcase classname="tests.test_multitenant_backend.TestAuth" name="test_me_requires_bearer" time="0.239" /><testcase classname="tests.test_multitenant_backend.TestProtectedEndpointsRequireAuth" name="test_endpoint_returns_401_without_token[GET-/api/v1/incidents-None]" time="0.002" /><testcase classname="tests.test_multitenant_backend.TestProtectedEndpointsRequireAuth" name="test_endpoint_returns_401_without_token[POST-/api/v1/incidents/ingest-body1]" time="0.002" /><testcase classname="tests.test_multitenant_backend.TestProtectedEndpointsRequireAuth" name="test_endpoint_returns_401_without_token[POST-/api/v1/simulation/trigger-body2]" time="0.002" /><testcase classname="tests.test_multitenant_backend.TestProtectedEndpointsRequireAuth" name="test_endpoint_returns_401_without_token[POST-/api/v1/incidents/analyze-body3]" time="0.002" /><testcase classname="tests.test_multitenant_backend.TestProtectedEndpointsRequireAuth" name="test_endpoint_returns_401_without_token[POST-/api/v1/incidents/feedback-body4]" time="0.002" /><testcase classname="tests.test_multitenant_backend.TestProtectedEndpointsRequireAuth" name="test_endpoint_returns_401_without_token[GET-/api/v1/evaluation-None]" time="0.001" /><testcase classname="tests.test_multitenant_backend.TestProtectedEndpointsRequireAuth" name="test_endpoint_returns_401_without_token[POST-/api/v1/incidents/x/postmortem-None]" time="0.001" /><testcase classname="tests.test_multitenant_backend.TestProtectedEndpointsRequireAuth" name="test_endpoint_returns_401_without_token[POST-/api/v1/incidents/x/dispatch-body7]" time="0.002" /><testcase classname="tests.test_multitenant_backend.TestProtectedEndpointsRequireAuth" name="test_endpoint_returns_401_without_token[POST-/api/v1/slack/simulate-body8]" time="0.001" /><testcase classname="tests.test_multitenant_backend.TestProtectedEndpointsRequireAuth" name="test_endpoint_returns_401_without_token[GET-/api/v1/chatops/logs-None]" time="0.002" /><testcase classname="tests.test_multitenant_backend.TestTenantIsolation" name="test_simulation_visible_only_to_owner" time="0.476" /><testcase classname="tests.test_multitenant_backend.TestTenantIsolation" name="test_webhook_scoping_and_bad_token" time="0.153" /><testcase classname="tests.test_multitenant_backend.TestWebhookFingerprint" name="test_same_service_alertname_different_severity_creates_two" time="0.545"><failure message="AssertionError: Different severities must create separate incidents&#10;assert '920403df-3dd1-461a-ba72-0ff6c8e05c36' != '920403df-3dd1-461a-ba72-0ff6c8e05c36'">tests/test_multitenant_backend.py:191: in test_same_service_alertname_different_severity_creates_two
    assert id1 != id2, "Different severities must create separate incidents"
E   AssertionError: Different severities must create separate incidents
E   assert '920403df-3dd1-461a-ba72-0ff6c8e05c36' != '920403df-3dd1-461a-ba72-0ff6c8e05c36'</failure></testcase><testcase classname="tests.test_multitenant_backend.TestRotateWebhookToken" name="test_rotate_invalidates_old_token" time="0.287" /></testsuite></testsuites>