<?xml version="1.0" encoding="utf-8"?><testsuites name="pytest tests"><testsuite name="pytest" errors="2" failures="7" skipped="0" tests="19" time="0.198" timestamp="2026-04-20T22:09:50.828049+00:00" hostname="agent-env-bb831684-f3fc-4c62-bd03-facdf3d6ba9e"><testcase classname="tests.test_multitenant_backend.TestAuth" name="test_register_returns_jwt_and_webhook_once" time="0.010"><failure message="AssertionError: {&quot;detail&quot;:[{&quot;type&quot;:&quot;value_error&quot;,&quot;loc&quot;:[&quot;body&quot;,&quot;email&quot;],&quot;msg&quot;:&quot;value is not a valid email address: The part after the @-sign is a special-use or reserved name that cannot be used with email.&quot;,&quot;input&quot;:&quot;TEST_user_6b7018eb@sentinel.local&quot;,&quot;ctx&quot;:{&quot;reason&quot;:&quot;The part after the @-sign is a special-use or reserved name that cannot be used with email.&quot;}}]}&#10;assert 422 == 200&#10; +  where 422 = &lt;Response [422]&gt;.status_code">tests/test_multitenant_backend.py:31: in test_register_returns_jwt_and_webhook_once
    assert r.status_code == 200, r.text
E   AssertionError: {"detail":[{"type":"value_error","loc":["body","email"],"msg":"value is not a valid email address: The part after the @-sign is a special-use or reserved name that cannot be used with email.","input":"TEST_user_6b7018eb@sentinel.local","ctx":{"reason":"The part after the @-sign is a special-use or reserved name that cannot be used with email."}}]}
E   assert 422 == 200
E    +  where 422 = &lt;Response [422]&gt;.status_code</failure></testcase><testcase classname="tests.test_multitenant_backend.TestAuth" name="test_register_duplicate_email_409" time="0.002"><failure message="AssertionError: assert 422 == 200&#10; +  where 422 = &lt;Response [422]&gt;.status_code&#10; +    where &lt;Response [422]&gt; = post('http://localhost:8001/api/v1/auth/register', json={'email': 'TEST_user_9ab202b4@sentinel.local', 'password': 'Passw0rd!'})&#10; +      where post = &lt;requests.sessions.Session object at 0xf910d6cb9890&gt;.post">tests/test_multitenant_backend.py:41: in test_register_duplicate_email_409
    assert session.post(f"{BASE_URL}/api/v1/auth/register", json=body).status_code == 200
E   AssertionError: assert 422 == 200
E    +  where 422 = &lt;Response [422]&gt;.status_code
E    +    where &lt;Response [422]&gt; = post('http://localhost:8001/api/v1/auth/register', json={'email': 'TEST_user_9ab202b4@sentinel.local', 'password': 'Passw0rd!'})
E    +      where post = &lt;requests.sessions.Session object at 0xf910d6cb9890&gt;.post</failure></testcase><testcase classname="tests.test_multitenant_backend.TestAuth" name="test_login_success_and_wrong_password" time="0.003"><failure message="assert 422 == 200&#10; +  where 422 = &lt;Response [422]&gt;.status_code">tests/test_multitenant_backend.py:50: in test_login_success_and_wrong_password
    assert ok.status_code == 200
E   assert 422 == 200
E    +  where 422 = &lt;Response [422]&gt;.status_code</failure></testcase><testcase classname="tests.test_multitenant_backend.TestAuth" name="test_me_requires_bearer" time="0.003"><failure message="KeyError: 'access_token'">tests/test_multitenant_backend.py:64: in test_me_requires_bearer
    headers={"Authorization": f"Bearer {reg['access_token']}"})
                                        ^^^^^^^^^^^^^^^^^^^
E   KeyError: 'access_token'</failure></testcase><testcase classname="tests.test_multitenant_backend.TestProtectedEndpointsRequireAuth" name="test_endpoint_returns_401_without_token[GET-/api/v1/incidents-None]" time="0.002" /><testcase classname="tests.test_multitenant_backend.TestProtectedEndpointsRequireAuth" name="test_endpoint_returns_401_without_token[POST-/api/v1/incidents/ingest-body1]" time="0.002" /><testcase classname="tests.test_multitenant_backend.TestProtectedEndpointsRequireAuth" name="test_endpoint_returns_401_without_token[POST-/api/v1/simulation/trigger-body2]" time="0.002" /><testcase classname="tests.test_multitenant_backend.TestProtectedEndpointsRequireAuth" name="test_endpoint_returns_401_without_token[POST-/api/v1/incidents/analyze-body3]" time="0.001" /><testcase classname="tests.test_multitenant_backend.TestProtectedEndpointsRequireAuth" name="test_endpoint_returns_401_without_token[POST-/api/v1/incidents/feedback-body4]" time="0.001" /><testcase classname="tests.test_multitenant_backend.TestProtectedEndpointsRequireAuth" name="test_endpoint_returns_401_without_token[GET-/api/v1/evaluation-None]" time="0.001" /><testcase classname="tests.test_multitenant_backend.TestProtectedEndpointsRequireAuth" name="test_endpoint_returns_401_without_token[POST-/api/v1/incidents/x/postmortem-None]" time="0.001" /><testcase classname="tests.test_multitenant_backend.TestProtectedEndpointsRequireAuth" name="test_endpoint_returns_401_without_token[POST-/api/v1/incidents/x/dispatch-body7]" time="0.001" /><testcase classname="tests.test_multitenant_backend.TestProtectedEndpointsRequireAuth" name="test_endpoint_returns_401_without_token[POST-/api/v1/slack/simulate-body8]" time="0.002" /><testcase classname="tests.test_multitenant_backend.TestProtectedEndpointsRequireAuth" name="test_endpoint_returns_401_without_token[GET-/api/v1/chatops/logs-None]" time="0.001" /><testcase classname="tests.test_multitenant_backend.TestTenantIsolation" name="test_simulation_visible_only_to_owner" time="0.002"><error message="failed on setup with &quot;KeyError: 'access_token'&quot;">tests/test_multitenant_backend.py:98: in user_a
    return {"email": email, "token": r["access_token"], "webhook": r["webhook_token"], "id": r["user"]["id"]}
                                     ^^^^^^^^^^^^^^^^^
E   KeyError: 'access_token'</error></testcase><testcase classname="tests.test_multitenant_backend.TestTenantIsolation" name="test_webhook_scoping_and_bad_token" time="0.000"><error message="failed on setup with &quot;KeyError: 'access_token'&quot;">tests/test_multitenant_backend.py:98: in user_a
    return {"email": email, "token": r["access_token"], "webhook": r["webhook_token"], "id": r["user"]["id"]}
                                     ^^^^^^^^^^^^^^^^^
E   KeyError: 'access_token'</error></testcase><testcase classname="tests.test_multitenant_backend.TestWebhookFingerprint" name="test_same_service_alertname_different_severity_creates_two" time="0.002"><failure message="KeyError: 'webhook_token'">tests/test_multitenant_backend.py:175: in test_same_service_alertname_different_severity_creates_two
    tok = reg["webhook_token"]
          ^^^^^^^^^^^^^^^^^^^^
E   KeyError: 'webhook_token'</failure></testcase><testcase classname="tests.test_multitenant_backend.TestRotateWebhookToken" name="test_rotate_invalidates_old_token" time="0.002"><failure message="KeyError: 'webhook_token'">tests/test_multitenant_backend.py:205: in test_rotate_invalidates_old_token
    old = reg["webhook_token"]
          ^^^^^^^^^^^^^^^^^^^^
E   KeyError: 'webhook_token'</failure></testcase><testcase classname="tests.test_multitenant_backend.TestRateLimit" name="test_register_rate_limit_triggers_429" time="0.014"><failure message="AssertionError: Expected 429 in [422, 422, 422, 422, 422, 422, 422, 422, 422, 422, 422, 422]&#10;assert 429 in [422, 422, 422, 422, 422, 422, ...]">tests/test_multitenant_backend.py:235: in test_register_rate_limit_triggers_429
    assert 429 in statuses, f"Expected 429 in {statuses}"
E   AssertionError: Expected 429 in [422, 422, 422, 422, 422, 422, 422, 422, 422, 422, 422, 422]
E   assert 429 in [422, 422, 422, 422, 422, 422, ...]</failure></testcase></testsuite></testsuites>